Info: Start Nativelink Simulation process

========= EDA Simulation Settings =====================

Sim Mode              :  Gate
Family                :  max10
Quartus root          :  c:/intelfpga_lite/20.1/quartus/bin64/
Quartus sim root      :  c:/intelfpga_lite/20.1/quartus/eda/sim_lib
Simulation Tool       :  modelsim-altera
Simulation Language   :  verilog
Simulation Mode       :  GUI
Sim Output File       :  ex1.vo
Sim SDF file          :  ex1__verilog.sdo
Sim dir               :  simulation\modelsim

=======================================================

Info: Starting NativeLink simulation with ModelSim-Altera software
Sourced NativeLink script c:/intelfpga_lite/20.1/quartus/common/tcl/internal/nativelink/modelsim.tcl
Warning: File ex1_run_msim_gate_verilog.do already exists - backing up current file as ex1_run_msim_gate_verilog.do.bak3
Probing transcript
ModelSim-Altera Info: # Reading pref.tcl
ModelSim-Altera Info: # do ex1_run_msim_gate_verilog.do
ModelSim-Altera Info: # if {[file exists gate_work]} {
ModelSim-Altera Info: # 	vdel -lib gate_work -all
ModelSim-Altera Info: # }
ModelSim-Altera Info: # vlib gate_work
ModelSim-Altera Info: # vmap work gate_work
ModelSim-Altera Info: # Model Technology ModelSim - Intel FPGA Edition vmap 2020.1 Lib Mapping Utility 2020.02 Feb 28 2020
ModelSim-Altera Info: # vmap work gate_work 
ModelSim-Altera Info: # Copying C:/intelFPGA_lite/20.1/modelsim_ase/win32aloem/../modelsim.ini to modelsim.ini
ModelSim-Altera Info: # Modifying modelsim.ini
ModelSim-Altera Info: # 
ModelSim-Altera Info: # vlog -vlog01compat -work work +incdir+. {ex1.vo}
ModelSim-Altera Info: # Model Technology ModelSim - Intel FPGA Edition vlog 2020.1 Compiler 2020.02 Feb 28 2020
ModelSim-Altera Info: # Start time: 21:12:16 on Nov 19,2020
ModelSim-Altera Info: # vlog -reportprogress 300 -vlog01compat -work work "+incdir+." ex1.vo 
ModelSim-Altera Info: # -- Compiling module ex1
ModelSim-Altera Info: # -- Compiling module hard_block
ModelSim-Altera Info: # 
ModelSim-Altera Info: # Top level modules:
ModelSim-Altera Info: # 	ex1
ModelSim-Altera Info: # End time: 21:12:17 on Nov 19,2020, Elapsed time: 0:00:01
ModelSim-Altera Info: # Errors: 0, Warnings: 0
ModelSim-Altera Info: # 
ModelSim-Altera Info: # vlog -vlog01compat -work work +incdir+D:/1_ASUS/Desktop/Lab12 {D:/1_ASUS/Desktop/Lab12/ex1.v}
ModelSim-Altera Info: # Model Technology ModelSim - Intel FPGA Edition vlog 2020.1 Compiler 2020.02 Feb 28 2020
ModelSim-Altera Info: # Start time: 21:12:17 on Nov 19,2020
ModelSim-Altera Info: # vlog -reportprogress 300 -vlog01compat -work work "+incdir+D:/1_ASUS/Desktop/Lab12" D:/1_ASUS/Desktop/Lab12/ex1.v 
ModelSim-Altera Info: # -- Compiling module ex1
ModelSim-Altera Info: # 
ModelSim-Altera Info: # Top level modules:
ModelSim-Altera Info: # 	ex1
ModelSim-Altera Info: # End time: 21:12:17 on Nov 19,2020, Elapsed time: 0:00:00
ModelSim-Altera Info: # Errors: 0, Warnings: 0
ModelSim-Altera Info: # vlog -vlog01compat -work work +incdir+D:/1_ASUS/Desktop/Lab12 {D:/1_ASUS/Desktop/Lab12/mux.v}
ModelSim-Altera Info: # Model Technology ModelSim - Intel FPGA Edition vlog 2020.1 Compiler 2020.02 Feb 28 2020
ModelSim-Altera Info: # Start time: 21:12:17 on Nov 19,2020
ModelSim-Altera Info: # vlog -reportprogress 300 -vlog01compat -work work "+incdir+D:/1_ASUS/Desktop/Lab12" D:/1_ASUS/Desktop/Lab12/mux.v 
ModelSim-Altera Info: # -- Compiling module mux
ModelSim-Altera Info: # 
ModelSim-Altera Info: # Top level modules:
ModelSim-Altera Info: # 	mux
ModelSim-Altera Info: # End time: 21:12:17 on Nov 19,2020, Elapsed time: 0:00:00
ModelSim-Altera Info: # Errors: 0, Warnings: 0
ModelSim-Altera Info: # vlog -vlog01compat -work work +incdir+D:/1_ASUS/Desktop/Lab12 {D:/1_ASUS/Desktop/Lab12/add.v}
ModelSim-Altera Info: # Model Technology ModelSim - Intel FPGA Edition vlog 2020.1 Compiler 2020.02 Feb 28 2020
ModelSim-Altera Info: # Start time: 21:12:17 on Nov 19,2020
ModelSim-Altera Info: # vlog -reportprogress 300 -vlog01compat -work work "+incdir+D:/1_ASUS/Desktop/Lab12" D:/1_ASUS/Desktop/Lab12/add.v 
ModelSim-Altera Info: # -- Compiling module add
ModelSim-Altera Info: # 
ModelSim-Altera Info: # Top level modules:
ModelSim-Altera Info: # 	add
ModelSim-Altera Info: # End time: 21:12:17 on Nov 19,2020, Elapsed time: 0:00:00
ModelSim-Altera Info: # Errors: 0, Warnings: 0
ModelSim-Altera Info: # vlog -vlog01compat -work work +incdir+D:/1_ASUS/Desktop/Lab12 {D:/1_ASUS/Desktop/Lab12/sub.v}
ModelSim-Altera Info: # Model Technology ModelSim - Intel FPGA Edition vlog 2020.1 Compiler 2020.02 Feb 28 2020
ModelSim-Altera Info: # Start time: 21:12:17 on Nov 19,2020
ModelSim-Altera Info: # vlog -reportprogress 300 -vlog01compat -work work "+incdir+D:/1_ASUS/Desktop/Lab12" D:/1_ASUS/Desktop/Lab12/sub.v 
ModelSim-Altera Info: # -- Compiling module sub
ModelSim-Altera Info: # 
ModelSim-Altera Info: # Top level modules:
ModelSim-Altera Info: # 	sub
ModelSim-Altera Info: # End time: 21:12:17 on Nov 19,2020, Elapsed time: 0:00:00
ModelSim-Altera Info: # Errors: 0, Warnings: 0
ModelSim-Altera Info: # vlog -vlog01compat -work work +incdir+D:/1_ASUS/Desktop/Lab12 {D:/1_ASUS/Desktop/Lab12/srl.v}
ModelSim-Altera Info: # Model Technology ModelSim - Intel FPGA Edition vlog 2020.1 Compiler 2020.02 Feb 28 2020
ModelSim-Altera Info: # Start time: 21:12:17 on Nov 19,2020
ModelSim-Altera Info: # vlog -reportprogress 300 -vlog01compat -work work "+incdir+D:/1_ASUS/Desktop/Lab12" D:/1_ASUS/Desktop/Lab12/srl.v 
ModelSim-Altera Info: # -- Compiling module srl
ModelSim-Altera Info: # 
ModelSim-Altera Info: # Top level modules:
ModelSim-Altera Info: # 	srl
ModelSim-Altera Info: # End time: 21:12:17 on Nov 19,2020, Elapsed time: 0:00:00
ModelSim-Altera Info: # Errors: 0, Warnings: 0
ModelSim-Altera Info: # vlog -vlog01compat -work work +incdir+D:/1_ASUS/Desktop/Lab12 {D:/1_ASUS/Desktop/Lab12/alu_testbench.v}
ModelSim-Altera Info: # Model Technology ModelSim - Intel FPGA Edition vlog 2020.1 Compiler 2020.02 Feb 28 2020
ModelSim-Altera Info: # Start time: 21:12:18 on Nov 19,2020
ModelSim-Altera Info: # vlog -reportprogress 300 -vlog01compat -work work "+incdir+D:/1_ASUS/Desktop/Lab12" D:/1_ASUS/Desktop/Lab12/alu_testbench.v 
ModelSim-Altera Info: # -- Compiling module alu_testbench
ModelSim-Altera Info: # 
ModelSim-Altera Info: # Top level modules:
ModelSim-Altera Info: # 	alu_testbench
ModelSim-Altera Info: # End time: 21:12:18 on Nov 19,2020, Elapsed time: 0:00:00
ModelSim-Altera Info: # Errors: 0, Warnings: 0
ModelSim-Altera Info: # 
ModelSim-Altera Info: # vsim -t 1ps -L altera_ver -L altera_lnsim_ver -L fiftyfivenm_ver -L gate_work -L work -voptargs="+acc"  alu_testbench
ModelSim-Altera Info: # vsim -t 1ps -L altera_ver -L altera_lnsim_ver -L fiftyfivenm_ver -L gate_work -L work -voptargs=""+acc"" alu_testbench 
ModelSim-Altera Info: # Start time: 21:12:18 on Nov 19,2020
ModelSim-Altera Info: # Loading work.alu_testbench
ModelSim-Altera Error: # ** Error: (vsim-3033) Instantiation of 'alu' failed. The design unit was not found.
ModelSim-Altera Info: #    Time: 0 ps  Iteration: 0  Instance: /alu_testbench File: D:/1_ASUS/Desktop/Lab12/alu_testbench.v Line: 11
ModelSim-Altera Info: #         Searched libraries:
ModelSim-Altera Info: #             C:/intelFPGA_lite/20.1/modelsim_ase/altera/verilog/altera
ModelSim-Altera Info: #             C:/intelFPGA_lite/20.1/modelsim_ase/altera/verilog/altera_lnsim
ModelSim-Altera Info: #             C:/intelFPGA_lite/20.1/modelsim_ase/altera/verilog/fiftyfivenm
ModelSim-Altera Info: #             D:/1_ASUS/Desktop/Lab12/simulation/modelsim/gate_work
ModelSim-Altera Info: #             D:/1_ASUS/Desktop/Lab12/simulation/modelsim/gate_work
ModelSim-Altera Info: # Error loading design
ModelSim-Altera Info: # Error: Error loading design
ModelSim-Altera Info: #        Pausing macro execution
ModelSim-Altera Info: # MACRO ./ex1_run_msim_gate_verilog.do PAUSED at line 17
ModelSim-Altera Info: # End time: 21:12:23 on Nov 19,2020, Elapsed time: 0:00:05
ModelSim-Altera Info: # Errors: 1, Warnings: 0
Error: Errors encountered while running modelsim do file
Error: NativeLink simulation flow was NOT successful



================The following additional information is provided to help identify the cause of error while running nativelink scripts=================
Nativelink TCL script failed with errorCode:  1
Nativelink TCL script failed with errorInfo:  1
    (procedure "launch_sim" line 1)
    invoked from within
"launch_sim launch_args_hash"
    ("eval" body line 1)
    invoked from within
"eval launch_sim launch_args_hash"
    invoked from within
"if [ info exists ::errorCode ] {
                set savedCode $::errorCode
                set savedInfo $::errorInfo
                error $result $..."
    invoked from within
"if [catch {eval launch_sim launch_args_hash} result ] {
            set status 1
            if [ info exists ::errorCode ] {
                set save..."
    (procedure "run_sim" line 74)
    invoked from within
"run_sim run_sim_args_hash"
    invoked from within
"if [ info exists ::errorCode ] {
            set savedCode $::errorCode
            set savedInfo $::errorInfo
            error "$result" $savedInfo ..."
    (procedure "run_eda_simulation_tool" line 334)
    invoked from within
"run_eda_simulation_tool eda_opts_hash"
